<?xml version="1.0" encoding="UTF-8"?>
<!-- Generated by org.testng.reporters.JUnitReportReporter -->
<testsuite skipped="0" hostname="Mac" name="FactoryMethodTesting.FactoryDataProvider" tests="4" failures="0" timestamp="02 Apr 2017 07:58:38 GMT" time="41.205" errors="0">
  <testcase name="displayDataProviderValues1" time="7.632" classname="FactoryMethodTesting.FactoryDataProvider"/>
  <testcase name="displayDataProviderValues2" time="9.749" classname="FactoryMethodTesting.FactoryDataProvider"/>
  <testcase name="displayDataProviderValues2" time="7.233" classname="FactoryMethodTesting.FactoryDataProvider"/>
  <testcase name="displayDataProviderValues1" time="16.591" classname="FactoryMethodTesting.FactoryDataProvider"/>
</testsuite> <!-- FactoryMethodTesting.FactoryDataProvider -->
