<?xml version="1.0" encoding="UTF-8"?>
<!-- Generated by org.testng.reporters.JUnitReportReporter -->
<testsuite skipped="0" hostname="Mac" name="testPackage.GroupTesting" tests="3" failures="0" timestamp="26 Mar 2017 14:09:59 GMT" time="0.010" errors="0">
  <testcase name="group1Method" time="0.008" classname="testPackage.GroupTesting"/>
  <testcase name="group3Method" time="0.001" classname="testPackage.GroupTesting"/>
  <testcase name="group2Method" time="0.001" classname="testPackage.GroupTesting"/>
</testsuite> <!-- testPackage.GroupTesting -->
