<?xml version="1.0" encoding="UTF-8"?>
<!-- Generated by org.testng.reporters.JUnitReportReporter -->
<testsuite skipped="0" hostname="Mac" name="FactoryMethodTesting.FacTestParameter" tests="4" failures="0" timestamp="02 Apr 2017 07:29:19 GMT" time="32.746" errors="0">
  <testcase name="ArgPassMethod1" time="14.849" classname="FactoryMethodTesting.FacTestParameter"/>
  <testcase name="ArgPassMethod1" time="7.149" classname="FactoryMethodTesting.FacTestParameter"/>
  <testcase name="ArgPassMethod2" time="3.999" classname="FactoryMethodTesting.FacTestParameter"/>
  <testcase name="ArgPassMethod2" time="6.749" classname="FactoryMethodTesting.FacTestParameter"/>
</testsuite> <!-- FactoryMethodTesting.FacTestParameter -->
