<?xml version="1.0" encoding="UTF-8"?>
<!-- Generated by org.testng.reporters.JUnitReportReporter -->
<testsuite skipped="0" hostname="Mac" name="testPackage.GroupRegularExp" tests="2" failures="0" timestamp="26 Mar 2017 14:09:47 GMT" time="0.009" errors="0">
  <testcase name="login" time="0.008" classname="testPackage.GroupRegularExp"/>
  <testcase name="process" time="0.001" classname="testPackage.GroupRegularExp"/>
</testsuite> <!-- testPackage.GroupRegularExp -->
