<?xml version="1.0" encoding="UTF-8"?>
<!-- Generated by org.testng.reporters.JUnitReportReporter -->
<testsuite skipped="0" hostname="Mac" name="Annotation_Test" tests="3" failures="0" timestamp="14 Mar 2017 19:45:09 GMT" time="0.009" errors="0">
  <testcase name="secondTestMethod" time="0.003" classname="Annotation_Test"/>
  <testcase name="fifthTestMethod" time="0.001" classname="Annotation_Test"/>
  <testcase name="firstTestMethod" time="0.005" classname="Annotation_Test"/>
</testsuite> <!-- Annotation_Test -->
