<?xml version="1.0" encoding="UTF-8"?>
<!-- Generated by org.testng.reporters.JUnitReportReporter -->
<testsuite skipped="0" hostname="Mac" name="testPackage.SimpleFactoryTest1" tests="2" failures="0" timestamp="02 Apr 2017 07:05:57 GMT" time="0.009" errors="0">
  <testcase name="FactTestMethod2" time="0.001" classname="testPackage.SimpleFactoryTest1"/>
  <testcase name="FactTestMethod1" time="0.008" classname="testPackage.SimpleFactoryTest1"/>
</testsuite> <!-- testPackage.SimpleFactoryTest1 -->
