<?xml version="1.0" encoding="UTF-8"?>
<!-- Generated by org.testng.reporters.JUnitReportReporter -->
<testsuite skipped="0" hostname="Mac" name="testPackage.SimpleFactoryTest2" tests="2" failures="0" timestamp="02 Apr 2017 07:05:57 GMT" time="0.002" errors="0">
  <testcase name="FacTestMethod4" time="0.001" classname="testPackage.SimpleFactoryTest2"/>
  <testcase name="FacTestMethod3" time="0.001" classname="testPackage.SimpleFactoryTest2"/>
</testsuite> <!-- testPackage.SimpleFactoryTest2 -->
