<?xml version="1.0" encoding="UTF-8"?>
<!-- Generated by org.testng.reporters.JUnitReportReporter -->
<testsuite skipped="0" hostname="Mac" name="testPackage.AnnotationTest2" tests="1" failures="0" timestamp="21 Mar 2017 18:18:51 GMT" time="0.000" errors="0">
  <testcase name="thirdMethod" time="0.000" classname="testPackage.AnnotationTest2"/>
</testsuite> <!-- testPackage.AnnotationTest2 -->
