<?xml version="1.0" encoding="UTF-8"?>
<!-- Generated by org.testng.reporters.JUnitReportReporter -->
<testsuite skipped="0" hostname="Mac" name="AnnotationTest2" tests="2" failures="0" timestamp="14 Mar 2017 19:45:09 GMT" time="0.002" errors="0">
  <testcase name="thirdMethod" time="0.001" classname="AnnotationTest2"/>
  <testcase name="fourthMethod" time="0.001" classname="AnnotationTest2"/>
</testsuite> <!-- AnnotationTest2 -->
