<?xml version="1.0" encoding="UTF-8"?>
<!-- Generated by org.testng.reporters.JUnitReportReporter -->
<testsuite skipped="0" hostname="Mac" name="testPackage.SimpleFactoryTestMethod1" tests="4" failures="0" timestamp="02 Apr 2017 06:56:33 GMT" time="0.011" errors="0">
  <testcase name="FactTestMethod2" time="0.001" classname="testPackage.SimpleFactoryTestMethod1"/>
  <testcase name="FactTestMethod1" time="0.008" classname="testPackage.SimpleFactoryTestMethod1"/>
  <testcase name="FactTestMethod1" time="0.001" classname="testPackage.SimpleFactoryTestMethod1"/>
  <testcase name="FactTestMethod2" time="0.001" classname="testPackage.SimpleFactoryTestMethod1"/>
</testsuite> <!-- testPackage.SimpleFactoryTestMethod1 -->
