<?xml version="1.0" encoding="UTF-8"?>
<!-- Generated by org.testng.reporters.JUnitReportReporter -->
<testsuite skipped="0" hostname="Mac" name="testPackage.AnnotateParameter" tests="1" failures="0" timestamp="26 Mar 2017 14:49:38 GMT" time="0.012" errors="0">
  <testcase name="passParameter" time="0.012" classname="testPackage.AnnotateParameter"/>
</testsuite> <!-- testPackage.AnnotateParameter -->
