<?xml version="1.0" encoding="UTF-8"?>
<!-- Generated by org.testng.reporters.JUnitReportReporter -->
<testsuite skipped="0" hostname="Mac" name="testPackage.Annotation_Test" tests="2" failures="0" timestamp="21 Mar 2017 18:18:51 GMT" time="0.010" errors="0">
  <testcase name="firstTestMethod" time="0.001" classname="testPackage.Annotation_Test"/>
  <testcase name="fifthTestMethod" time="0.009" classname="testPackage.Annotation_Test"/>
</testsuite> <!-- testPackage.Annotation_Test -->
