<?xml version="1.0" encoding="UTF-8"?>
<!-- Generated by org.testng.reporters.JUnitReportReporter -->
<testsuite skipped="0" hostname="Mac" name="testPackage.DataProviderTest" tests="7" failures="0" timestamp="30 Mar 2017 18:54:42 GMT" time="0.016" errors="0">
  <testcase name="displayDataproviderData" time="0.001" classname="testPackage.DataProviderTest"/>
  <testcase name="displayDataproviderData" time="0.009" classname="testPackage.DataProviderTest"/>
  <testcase name="printStaticDataProvider" time="0.001" classname="testPackage.DataProviderTest"/>
  <testcase name="printStaticDataProvider2" time="0.001" classname="testPackage.DataProviderTest"/>
  <testcase name="printStaticDataProvider" time="0.001" classname="testPackage.DataProviderTest"/>
  <testcase name="displayDataproviderData" time="0.002" classname="testPackage.DataProviderTest"/>
  <testcase name="printStaticDataProvider2" time="0.001" classname="testPackage.DataProviderTest"/>
</testsuite> <!-- testPackage.DataProviderTest -->
